<?xml version="1.0" encoding="UTF-8"?>
<!-- Generated by org.testng.reporters.JUnitXMLReporter -->
<testsuite hostname="DESKTOP-KF5NNK8" ignored="0" name="AmazonTest" tests="3" failures="0" timestamp="2020-07-19T22:30:05 IST" time="30.496" errors="0">
  <testcase name="loginToAmazonTest" time="11.075" classname="appPagesTests.LoginPageTest"/>
  <testcase name="amazonFailedTest" time="0.004" classname="appPagesTests.LoginPageTest"/>
  <testcase name="amazonLogoTitleTest" time="0.187" classname="appPagesTests.LoginPageTest"/>
</testsuite> <!-- AmazonTest -->
