<?xml version="1.0" encoding="UTF-8"?>
<!-- Generated by org.testng.reporters.JUnitXMLReporter -->
<testsuite hostname="DESKTOP-KF5NNK8" ignored="0" name="Default test" tests="3" failures="0" timestamp="2020-07-19T22:10:37 IST" time="26.058" errors="0">
  <testcase name="loginToAmazonTest" time="9.347" classname="appPagesTests.LoginPageTest"/>
  <testcase name="amazonFailedTest" time="0.012" classname="appPagesTests.LoginPageTest"/>
  <testcase name="amazonLogoTitleTest" time="0.2" classname="appPagesTests.LoginPageTest"/>
</testsuite> <!-- Default test -->
