<?xml version="1.0" encoding="UTF-8"?>
<testng-results skipped="0" failed="0" ignored="0" total="3" passed="3">
  <reporter-output>
  </reporter-output>
  <suite name="Suite" duration-ms="30496" started-at="2020-07-19T22:29:35 IST" finished-at="2020-07-19T22:30:05 IST">
    <groups>
    </groups>
    <test name="AmazonTest" duration-ms="30496" started-at="2020-07-19T22:29:35 IST" finished-at="2020-07-19T22:30:05 IST">
      <class name="appPagesTests.LoginPageTest">
        <test-method status="PASS" signature="dataSetUp()[pri:0, instance:appPagesTests.LoginPageTest@6b67034]" name="dataSetUp" is-config="true" duration-ms="1769" started-at="2020-07-19T22:29:33 IST" finished-at="2020-07-19T22:29:35 IST">
          <reporter-output>
          </reporter-output>
        </test-method> <!-- dataSetUp -->
        <test-method status="PASS" signature="browserSetUp()[pri:0, instance:appPagesTests.LoginPageTest@6b67034]" name="browserSetUp" is-config="true" duration-ms="10875" started-at="2020-07-19T22:29:35 IST" finished-at="2020-07-19T22:29:46 IST">
          <reporter-output>
          </reporter-output>
        </test-method> <!-- browserSetUp -->
        <test-method status="PASS" signature="loginToAmazonTest()[pri:1, instance:appPagesTests.LoginPageTest@6b67034]" name="loginToAmazonTest" duration-ms="11075" started-at="2020-07-19T22:29:46 IST" finished-at="2020-07-19T22:29:57 IST">
          <reporter-output>
          </reporter-output>
        </test-method> <!-- loginToAmazonTest -->
        <test-method status="PASS" signature="captureScreenshot(org.testng.ITestResult)[pri:0, instance:appPagesTests.LoginPageTest@6b67034]" name="captureScreenshot" is-config="true" duration-ms="5653" started-at="2020-07-19T22:29:57 IST" finished-at="2020-07-19T22:30:02 IST">
          <params>
            <param index="0">
              <value>
                <![CDATA[[TestResult name=loginToAmazonTest status=SUCCESS method=LoginPageTest.loginToAmazonTest()[pri:1, instance:appPagesTests.LoginPageTest@6b67034] output={null}]]]>
              </value>
            </param>
          </params>
          <reporter-output>
          </reporter-output>
        </test-method> <!-- captureScreenshot -->
        <test-method status="PASS" signature="amazonFailedTest()[pri:2, instance:appPagesTests.LoginPageTest@6b67034]" name="amazonFailedTest" duration-ms="4" started-at="2020-07-19T22:30:02 IST" finished-at="2020-07-19T22:30:02 IST">
          <reporter-output>
          </reporter-output>
        </test-method> <!-- amazonFailedTest -->
        <test-method status="PASS" signature="captureScreenshot(org.testng.ITestResult)[pri:0, instance:appPagesTests.LoginPageTest@6b67034]" name="captureScreenshot" is-config="true" duration-ms="924" started-at="2020-07-19T22:30:02 IST" finished-at="2020-07-19T22:30:03 IST">
          <params>
            <param index="0">
              <value>
                <![CDATA[[TestResult name=amazonFailedTest status=SUCCESS method=LoginPageTest.amazonFailedTest()[pri:2, instance:appPagesTests.LoginPageTest@6b67034] output={null}]]]>
              </value>
            </param>
          </params>
          <reporter-output>
          </reporter-output>
        </test-method> <!-- captureScreenshot -->
        <test-method status="PASS" signature="amazonLogoTitleTest()[pri:3, instance:appPagesTests.LoginPageTest@6b67034]" name="amazonLogoTitleTest" duration-ms="187" started-at="2020-07-19T22:30:03 IST" finished-at="2020-07-19T22:30:04 IST">
          <reporter-output>
          </reporter-output>
        </test-method> <!-- amazonLogoTitleTest -->
        <test-method status="PASS" signature="captureScreenshot(org.testng.ITestResult)[pri:0, instance:appPagesTests.LoginPageTest@6b67034]" name="captureScreenshot" is-config="true" duration-ms="773" started-at="2020-07-19T22:30:04 IST" finished-at="2020-07-19T22:30:04 IST">
          <params>
            <param index="0">
              <value>
                <![CDATA[[TestResult name=amazonLogoTitleTest status=SUCCESS method=LoginPageTest.amazonLogoTitleTest()[pri:3, instance:appPagesTests.LoginPageTest@6b67034] output={null}]]]>
              </value>
            </param>
          </params>
          <reporter-output>
          </reporter-output>
        </test-method> <!-- captureScreenshot -->
        <test-method status="PASS" signature="closeApplication()[pri:0, instance:appPagesTests.LoginPageTest@6b67034]" name="closeApplication" is-config="true" duration-ms="894" started-at="2020-07-19T22:30:04 IST" finished-at="2020-07-19T22:30:05 IST">
          <reporter-output>
          </reporter-output>
        </test-method> <!-- closeApplication -->
      </class> <!-- appPagesTests.LoginPageTest -->
    </test> <!-- AmazonTest -->
  </suite> <!-- Suite -->
</testng-results>
