<?xml version="1.0" encoding="UTF-8"?>
<testng-results skipped="0" failed="0" ignored="0" total="3" passed="3">
  <reporter-output>
  </reporter-output>
  <suite name="Default suite" duration-ms="26058" started-at="2020-07-19T22:10:11 IST" finished-at="2020-07-19T22:10:37 IST">
    <groups>
    </groups>
    <test name="Default test" duration-ms="26058" started-at="2020-07-19T22:10:11 IST" finished-at="2020-07-19T22:10:37 IST">
      <class name="appPagesTests.LoginPageTest">
        <test-method status="PASS" signature="dataSetUp()[pri:0, instance:appPagesTests.LoginPageTest@6b67034]" name="dataSetUp" is-config="true" duration-ms="1841" started-at="2020-07-19T22:10:09 IST" finished-at="2020-07-19T22:10:11 IST">
          <reporter-output>
          </reporter-output>
        </test-method> <!-- dataSetUp -->
        <test-method status="PASS" signature="browserSetUp()[pri:0, instance:appPagesTests.LoginPageTest@6b67034]" name="browserSetUp" is-config="true" duration-ms="11378" started-at="2020-07-19T22:10:11 IST" finished-at="2020-07-19T22:10:23 IST">
          <reporter-output>
          </reporter-output>
        </test-method> <!-- browserSetUp -->
        <test-method status="PASS" signature="loginToAmazonTest()[pri:1, instance:appPagesTests.LoginPageTest@6b67034]" name="loginToAmazonTest" duration-ms="9347" started-at="2020-07-19T22:10:23 IST" finished-at="2020-07-19T22:10:32 IST">
          <reporter-output>
          </reporter-output>
        </test-method> <!-- loginToAmazonTest -->
        <test-method status="PASS" signature="captureScreenshot(org.testng.ITestResult)[pri:0, instance:appPagesTests.LoginPageTest@6b67034]" name="captureScreenshot" is-config="true" duration-ms="2279" started-at="2020-07-19T22:10:32 IST" finished-at="2020-07-19T22:10:34 IST">
          <params>
            <param index="0">
              <value>
                <![CDATA[[TestResult name=loginToAmazonTest status=SUCCESS method=LoginPageTest.loginToAmazonTest()[pri:1, instance:appPagesTests.LoginPageTest@6b67034] output={null}]]]>
              </value>
            </param>
          </params>
          <reporter-output>
          </reporter-output>
        </test-method> <!-- captureScreenshot -->
        <test-method status="PASS" signature="amazonFailedTest()[pri:2, instance:appPagesTests.LoginPageTest@6b67034]" name="amazonFailedTest" duration-ms="12" started-at="2020-07-19T22:10:34 IST" finished-at="2020-07-19T22:10:34 IST">
          <reporter-output>
          </reporter-output>
        </test-method> <!-- amazonFailedTest -->
        <test-method status="PASS" signature="captureScreenshot(org.testng.ITestResult)[pri:0, instance:appPagesTests.LoginPageTest@6b67034]" name="captureScreenshot" is-config="true" duration-ms="859" started-at="2020-07-19T22:10:34 IST" finished-at="2020-07-19T22:10:35 IST">
          <params>
            <param index="0">
              <value>
                <![CDATA[[TestResult name=amazonFailedTest status=SUCCESS method=LoginPageTest.amazonFailedTest()[pri:2, instance:appPagesTests.LoginPageTest@6b67034] output={null}]]]>
              </value>
            </param>
          </params>
          <reporter-output>
          </reporter-output>
        </test-method> <!-- captureScreenshot -->
        <test-method status="PASS" signature="amazonLogoTitleTest()[pri:3, instance:appPagesTests.LoginPageTest@6b67034]" name="amazonLogoTitleTest" duration-ms="200" started-at="2020-07-19T22:10:35 IST" finished-at="2020-07-19T22:10:35 IST">
          <reporter-output>
          </reporter-output>
        </test-method> <!-- amazonLogoTitleTest -->
        <test-method status="PASS" signature="captureScreenshot(org.testng.ITestResult)[pri:0, instance:appPagesTests.LoginPageTest@6b67034]" name="captureScreenshot" is-config="true" duration-ms="957" started-at="2020-07-19T22:10:35 IST" finished-at="2020-07-19T22:10:36 IST">
          <params>
            <param index="0">
              <value>
                <![CDATA[[TestResult name=amazonLogoTitleTest status=SUCCESS method=LoginPageTest.amazonLogoTitleTest()[pri:3, instance:appPagesTests.LoginPageTest@6b67034] output={null}]]]>
              </value>
            </param>
          </params>
          <reporter-output>
          </reporter-output>
        </test-method> <!-- captureScreenshot -->
        <test-method status="PASS" signature="closeApplication()[pri:0, instance:appPagesTests.LoginPageTest@6b67034]" name="closeApplication" is-config="true" duration-ms="941" started-at="2020-07-19T22:10:36 IST" finished-at="2020-07-19T22:10:37 IST">
          <reporter-output>
          </reporter-output>
        </test-method> <!-- closeApplication -->
      </class> <!-- appPagesTests.LoginPageTest -->
    </test> <!-- Default test -->
  </suite> <!-- Default suite -->
</testng-results>
